[    1871ms] [ERROR] Failed to load resource: the server responded with a status of 401 () @ https://api.us-east-1.production.hightouch.com/api/v1/graphql:0
[    1873ms] [ERROR] Failed to load resource: the server responded with a status of 401 () @ https://api.us-east-1.production.hightouch.com/api/v1/graphql:0
[    1873ms] [ERROR] Failed to load resource: the server responded with a status of 401 () @ https://api.us-east-1.production.hightouch.com/api/v1/graphql:0
[    1874ms] [ERROR] Failed to load resource: the server responded with a status of 401 () @ https://api.us-east-1.production.hightouch.com/api/v1/graphql:0
[    1939ms] [ERROR] Failed to load resource: the server responded with a status of 401 () @ https://api.us-east-1.production.hightouch.com/api/v1/graphql:0
[    1951ms] [ERROR] Failed to load resource: the server responded with a status of 401 () @ https://api.hightouch.com/api/v1/graphql:0
[    1952ms] [ERROR] Failed to load resource: the server responded with a status of 401 () @ https://api.hightouch.com/api/v1/graphql:0
[    1952ms] [ERROR] Failed to load resource: the server responded with a status of 401 () @ https://api.hightouch.com/api/v1/graphql:0
[    2544ms] [ERROR] Failed to load resource: the server responded with a status of 401 () @ https://api.us-east-1.production.hightouch.com/api/v1/graphql:0
[    5964ms] [WARNING] The resource https://app.hightouch.com/assets/home/Audience_Bg.svg was preloaded using link preload but not used within a few seconds from the window's load event. Please make sure it has an appropriate `as` value and it is preloaded intentionally. @ https://app.hightouch.com/login?returnTo=/youversion/syncs:0
[    5964ms] [WARNING] The resource https://app.hightouch.com/assets/home/Model_Bg.svg was preloaded using link preload but not used within a few seconds from the window's load event. Please make sure it has an appropriate `as` value and it is preloaded intentionally. @ https://app.hightouch.com/login?returnTo=/youversion/syncs:0
[    8346ms] [INFO] BSSO Telemetry: {"result":"Error","error":"NoExtension","type":"ChromeSsoTelemetry","data":{},"traces":["BrowserSSO Initialized","Creating ChromeBrowserCore provider","Sending message for method CreateProviderAsync","Received message for method CreateProviderAsync","Error: ChromeBrowserCore error NoExtension: Extension is not installed."]} @ https://aadcdn.msftauth.net/shared/1.0/content/js/BssoInterrupt_Core_G2W_Wtatbc34u60lFUrLlg2.js:17
[    8459ms] [ERROR] Failed to load resource: the server responded with a status of 404 () @ https://login.microsoftonline.com/favicon.ico:0
[    9479ms] [LOG] true @ https://login.live.com/Me.htm?v=3:0
[    9479ms] [LOG] Storage access: true @ https://login.live.com/Me.htm?v=3:0
[    9846ms] [VERBOSE] [DOM] Input elements should have autocomplete attributes (suggested: "current-password"): (More info: https://goo.gl/9p2vKq) %o @ https://login.microsoftonline.com/common/oauth2/v2.0/authorize?response_type=code&redirect_uri=https%3A%2F%2Fapi.hightouch.com%2Fapi%2Fazure%2Foauth%2Fcallback&scope=User.Read%20profile%20openid%20offline_access%20email&state=1d1a02feb6c0afe608d292ebaaa2e386&client_id=8585a6a4-662a-4913-ad4e-11d5ba1320e8&sso_reload=true:0
[   13582ms] [LOG] true @ https://login.live.com/Me.htm?v=3:0
[   13582ms] [LOG] Storage access: true @ https://login.live.com/Me.htm?v=3:0
[   13766ms] [ERROR] Failed to load resource: the server responded with a status of 401 (Unauthorized) @ https://autologon.microsoftazuread-sso.com/youversion.com/winauth/ssoprobe?client-request-id=0e5ab61a-f9eb-4283-ba0f-5b45110d405d&_=1777086499742:0
[   14161ms] [VERBOSE] [DOM] Input elements should have autocomplete attributes (suggested: "username"): (More info: https://goo.gl/9p2vKq) %o @ https://login.microsoftonline.com/common/oauth2/v2.0/authorize?response_type=code&redirect_uri=https%3A%2F%2Fapi.hightouch.com%2Fapi%2Fazure%2Foauth%2Fcallback&scope=User.Read%20profile%20openid%20offline_access%20email&state=1d1a02feb6c0afe608d292ebaaa2e386&client_id=8585a6a4-662a-4913-ad4e-11d5ba1320e8&sso_reload=true:0
[   50416ms] [WARNING] [LaunchDarkly] The waitForInitialization function was called without a timeout specified. In a future version a default timeout will be applied. @ https://app.hightouch.com/assets/vendor-D_59HmS1.js:21
[   50535ms] [ERROR] Failed to load resource: the server responded with a status of 404 () @ https://cdn.getkoala.com/v1/pk_4b7deacc464cf7736f29732ef90d8e92a40e/sdk.js:0
[   50713ms] [ERROR] TypeError: Failed to fetch
    at https://app.hightouch.com/assets/vendor-D_59HmS1.js:22:2652
    at https://app.hightouch.com/assets/vendor-D_59HmS1.js:22:2652
    at er (https://app.hightouch.com/assets/vendor-D_59HmS1.js:735:574)
    at https://app.hightouch.com/assets/vendor-D_59HmS1.js:46:12377
    at async Object.queryFn (https://app.hightouch.com/assets/index-BtdWsk7U.js:36:19874) @ https://app.hightouch.com/assets/vendor-D_59HmS1.js:21
[   50714ms] [ERROR] TypeError: Failed to fetch
    at https://app.hightouch.com/assets/vendor-D_59HmS1.js:22:2652
    at https://app.hightouch.com/assets/vendor-D_59HmS1.js:22:2652
    at er (https://app.hightouch.com/assets/vendor-D_59HmS1.js:735:574)
    at https://app.hightouch.com/assets/vendor-D_59HmS1.js:46:12377
    at async Object.queryFn (https://app.hightouch.com/assets/index-BtdWsk7U.js:36:19874) @ https://app.hightouch.com/assets/vendor-D_59HmS1.js:21
[   50714ms] [ERROR] TypeError: Failed to fetch
    at https://app.hightouch.com/assets/vendor-D_59HmS1.js:22:2652
    at https://app.hightouch.com/assets/vendor-D_59HmS1.js:22:2652
    at er (https://app.hightouch.com/assets/vendor-D_59HmS1.js:735:574)
    at https://app.hightouch.com/assets/vendor-D_59HmS1.js:46:12377
    at async Object.queryFn (https://app.hightouch.com/assets/index-BtdWsk7U.js:36:19874) @ https://app.hightouch.com/assets/vendor-D_59HmS1.js:21
[   50714ms] [ERROR] TypeError: Failed to fetch
    at https://app.hightouch.com/assets/vendor-D_59HmS1.js:22:2652
    at https://app.hightouch.com/assets/vendor-D_59HmS1.js:22:2652
    at er (https://app.hightouch.com/assets/vendor-D_59HmS1.js:735:574)
    at https://app.hightouch.com/assets/vendor-D_59HmS1.js:46:12377
    at async Object.queryFn (https://app.hightouch.com/assets/index-BtdWsk7U.js:36:19874) @ https://app.hightouch.com/assets/vendor-D_59HmS1.js:21
[   50714ms] [ERROR] TypeError: Failed to fetch
    at https://app.hightouch.com/assets/vendor-D_59HmS1.js:22:2652
    at https://app.hightouch.com/assets/vendor-D_59HmS1.js:22:2652
    at er (https://app.hightouch.com/assets/vendor-D_59HmS1.js:735:574)
    at https://app.hightouch.com/assets/vendor-D_59HmS1.js:46:12377
    at async Object.queryFn (https://app.hightouch.com/assets/index-BtdWsk7U.js:36:19874) @ https://app.hightouch.com/assets/vendor-D_59HmS1.js:21
[   50714ms] [ERROR] TypeError: Failed to fetch
    at https://app.hightouch.com/assets/vendor-D_59HmS1.js:22:2652
    at https://app.hightouch.com/assets/vendor-D_59HmS1.js:22:2652
    at er (https://app.hightouch.com/assets/vendor-D_59HmS1.js:735:574)
    at https://app.hightouch.com/assets/vendor-D_59HmS1.js:46:12377
    at async Object.queryFn (https://app.hightouch.com/assets/index-BtdWsk7U.js:36:19874) @ https://app.hightouch.com/assets/vendor-D_59HmS1.js:21
[   50714ms] [ERROR] TypeError: Failed to fetch
    at https://app.hightouch.com/assets/vendor-D_59HmS1.js:22:2652
    at https://app.hightouch.com/assets/vendor-D_59HmS1.js:22:2652
    at er (https://app.hightouch.com/assets/vendor-D_59HmS1.js:735:574)
    at https://app.hightouch.com/assets/vendor-D_59HmS1.js:46:12377
    at async Object.queryFn (https://app.hightouch.com/assets/index-BtdWsk7U.js:36:19874) @ https://app.hightouch.com/assets/vendor-D_59HmS1.js:21
[   50714ms] [ERROR] TypeError: Failed to fetch
    at https://app.hightouch.com/assets/vendor-D_59HmS1.js:22:2652
    at https://app.hightouch.com/assets/vendor-D_59HmS1.js:22:2652
    at er (https://app.hightouch.com/assets/vendor-D_59HmS1.js:735:574)
    at https://app.hightouch.com/assets/vendor-D_59HmS1.js:46:12377
    at async Object.queryFn (https://app.hightouch.com/assets/index-BtdWsk7U.js:36:19874) @ https://app.hightouch.com/assets/vendor-D_59HmS1.js:21
[   50714ms] [ERROR] TypeError: Failed to fetch
    at https://app.hightouch.com/assets/vendor-D_59HmS1.js:22:2652
    at https://app.hightouch.com/assets/vendor-D_59HmS1.js:22:2652
    at er (https://app.hightouch.com/assets/vendor-D_59HmS1.js:735:574)
    at https://app.hightouch.com/assets/vendor-D_59HmS1.js:46:12377
    at async Object.queryFn (https://app.hightouch.com/assets/index-BtdWsk7U.js:36:19874) @ https://app.hightouch.com/assets/vendor-D_59HmS1.js:21
[   51201ms] [WARNING] [LaunchDarkly] The waitForInitialization function was called without a timeout specified. In a future version a default timeout will be applied. @ https://app.hightouch.com/assets/vendor-D_59HmS1.js:21
[   51245ms] [ERROR] Failed to load resource: the server responded with a status of 404 () @ https://cdn.getkoala.com/v1/pk_4b7deacc464cf7736f29732ef90d8e92a40e/sdk.js:0
[   51308ms] [INFO] [LaunchDarkly] LaunchDarkly client initialized @ https://app.hightouch.com/assets/vendor-D_59HmS1.js:21
[   51309ms] [INFO] [LaunchDarkly] Opening stream connection to https://clientstream.launchdarkly.com/eval/61f349d48eda47179a415676/eyJraW5kIjoibXVsdGkiLCJ1c2VyIjp7ImtleSI6InVzZXItMTMyNDUyIiwibmFtZSI6IkRhbiBMdWsiLCJlbWFpbCI6ImRhbi5sdWtAeW91dmVyc2lvbi5jb20iLCJ3b3Jrc3BhY2VJZCI6ODI1NDQsIm9yZ2FuaXphdGlvbklkIjo0NjI5Nn0sIndvcmtzcGFjZSI6eyJrZXkiOiJ3b3Jrc3BhY2UtODI1NDQiLCJpZCI6ODI1NDQsIm5hbWUiOiJZb3VWZXJzaW9uIiwic2x1ZyI6InlvdXZlcnNpb24iLCJyZWdpb24iOiJnY3AtdXMtZWFzdDQiLCJvcmdhbml6YXRpb25JZCI6NDYyOTZ9fQ @ https://app.hightouch.com/assets/vendor-D_59HmS1.js:21
[   51316ms] [LOG] The global variable `chmln` is already defined.
Please make sure you're not adding Chameleon to the page other than with this library. Alternatively, you can use the forceOverride option to remove any previous declaration.

e.g.   chmln.init('token', { forceOverride: true }); @ https://app.hightouch.com/assets/vendor-D_59HmS1.js:21
[   51534ms] [WARNING] [LaunchDarkly] Error on stream connection: {"isTrusted":true}, will continue retrying after 690 milliseconds. @ https://app.hightouch.com/assets/vendor-D_59HmS1.js:21
[   51534ms] [INFO] [LaunchDarkly] Closing stream connection @ https://app.hightouch.com/assets/vendor-D_59HmS1.js:21
[   51534ms] [ERROR] TypeError: Failed to fetch
    at https://app.hightouch.com/assets/vendor-D_59HmS1.js:22:2652
    at https://app.hightouch.com/assets/vendor-D_59HmS1.js:22:2652
    at er (https://app.hightouch.com/assets/vendor-D_59HmS1.js:735:574)
    at Object.queryFn (https://app.hightouch.com/assets/index-BtdWsk7U.js:36:19880)
    at Object.lr [as fn] (https://app.hightouch.com/assets/vendor-D_59HmS1.js:740:235275)
    at or (https://app.hightouch.com/assets/vendor-D_59HmS1.js:740:229481)
    at new Retryer (https://app.hightouch.com/assets/vendor-D_59HmS1.js:740:230228)
    at Mt.fetch (https://app.hightouch.com/assets/vendor-D_59HmS1.js:740:235752)
    at Mt.fetchQuery (https://app.hightouch.com/assets/vendor-D_59HmS1.js:740:250690)
    at iTe (https://app.hightouch.com/assets/index-BtdWsk7U.js:22755:50173)
    at or (https://app.hightouch.com/assets/vendor-D_59HmS1.js:85:5916)
    at https://app.hightouch.com/assets/vendor-D_59HmS1.js:85:6052
    at rr (https://app.hightouch.com/assets/vendor-D_59HmS1.js:85:6102)
    at callLoaderOrAction (https://app.hightouch.com/assets/vendor-D_59HmS1.js:85:6540)
    at Object.resolve (https://app.hightouch.com/assets/vendor-D_59HmS1.js:85:5367)
    at https://app.hightouch.com/assets/vendor-D_59HmS1.js:85:4945
    at Array.map (<anonymous>)
    at defaultDataStrategy (https://app.hightouch.com/assets/vendor-D_59HmS1.js:85:4934)
    at callDataStrategyImpl (https://app.hightouch.com/assets/vendor-D_59HmS1.js:85:5473)
    at zr (https://app.hightouch.com/assets/vendor-D_59HmS1.js:84:32870)
    at Fr (https://app.hightouch.com/assets/vendor-D_59HmS1.js:84:33351)
    at Jr (https://app.hightouch.com/assets/vendor-D_59HmS1.js:84:25557)
    at an (https://app.hightouch.com/assets/vendor-D_59HmS1.js:84:22372)
    at Object.Lr [as initialize] (https://app.hightouch.com/assets/vendor-D_59HmS1.js:84:17168)
    at createBrowserRouter$1 (https://app.hightouch.com/assets/vendor-D_59HmS1.js:104:1830)
    at https://app.hightouch.com/assets/vendor-D_59HmS1.js:868:125894
    at https://app.hightouch.com/assets/vendor-D_59HmS1.js:45:7591
    at https://app.hightouch.com/assets/index-BtdWsk7U.js:22990:16729 @ https://app.hightouch.com/assets/vendor-D_59HmS1.js:21
[   51534ms] [ERROR] TypeError: Failed to fetch
    at https://app.hightouch.com/assets/vendor-D_59HmS1.js:22:2652
    at https://app.hightouch.com/assets/vendor-D_59HmS1.js:22:2652
    at er (https://app.hightouch.com/assets/vendor-D_59HmS1.js:735:574)
    at https://app.hightouch.com/assets/vendor-D_59HmS1.js:46:12377
    at async Object.queryFn (https://app.hightouch.com/assets/index-BtdWsk7U.js:36:19874) @ https://app.hightouch.com/assets/vendor-D_59HmS1.js:21
[   51534ms] [ERROR] TypeError: Failed to fetch
    at https://app.hightouch.com/assets/vendor-D_59HmS1.js:22:2652
    at https://app.hightouch.com/assets/vendor-D_59HmS1.js:22:2652
    at er (https://app.hightouch.com/assets/vendor-D_59HmS1.js:735:574)
    at https://app.hightouch.com/assets/vendor-D_59HmS1.js:46:12377
    at async Object.queryFn (https://app.hightouch.com/assets/index-BtdWsk7U.js:36:19874) @ https://app.hightouch.com/assets/vendor-D_59HmS1.js:21
[   51535ms] [ERROR] TypeError: Failed to fetch
    at https://app.hightouch.com/assets/vendor-D_59HmS1.js:22:2652
    at https://app.hightouch.com/assets/vendor-D_59HmS1.js:22:2652
    at er (https://app.hightouch.com/assets/vendor-D_59HmS1.js:735:574)
    at https://app.hightouch.com/assets/vendor-D_59HmS1.js:46:12377
    at async Object.queryFn (https://app.hightouch.com/assets/index-BtdWsk7U.js:36:19874) @ https://app.hightouch.com/assets/vendor-D_59HmS1.js:21
[   51535ms] [ERROR] TypeError: Failed to fetch
    at https://app.hightouch.com/assets/vendor-D_59HmS1.js:22:2652
    at https://app.hightouch.com/assets/vendor-D_59HmS1.js:22:2652
    at er (https://app.hightouch.com/assets/vendor-D_59HmS1.js:735:574)
    at https://app.hightouch.com/assets/vendor-D_59HmS1.js:46:12377
    at async Object.queryFn (https://app.hightouch.com/assets/index-BtdWsk7U.js:36:19874) @ https://app.hightouch.com/assets/vendor-D_59HmS1.js:21
[   51535ms] [ERROR] TypeError: Failed to fetch
    at https://app.hightouch.com/assets/vendor-D_59HmS1.js:22:2652
    at https://app.hightouch.com/assets/vendor-D_59HmS1.js:22:2652
    at er (https://app.hightouch.com/assets/vendor-D_59HmS1.js:735:574)
    at https://app.hightouch.com/assets/vendor-D_59HmS1.js:46:12377
    at async Object.queryFn (https://app.hightouch.com/assets/index-BtdWsk7U.js:36:19874) @ https://app.hightouch.com/assets/vendor-D_59HmS1.js:21
[   51535ms] [ERROR] TypeError: Failed to fetch
    at https://app.hightouch.com/assets/vendor-D_59HmS1.js:22:2652
    at https://app.hightouch.com/assets/vendor-D_59HmS1.js:22:2652
    at er (https://app.hightouch.com/assets/vendor-D_59HmS1.js:735:574)
    at Object.queryFn (https://app.hightouch.com/assets/index-BtdWsk7U.js:36:19880)
    at Object.lr [as fn] (https://app.hightouch.com/assets/vendor-D_59HmS1.js:740:235275)
    at or (https://app.hightouch.com/assets/vendor-D_59HmS1.js:740:229481)
    at new Retryer (https://app.hightouch.com/assets/vendor-D_59HmS1.js:740:230228)
    at Mt.fetch (https://app.hightouch.com/assets/vendor-D_59HmS1.js:740:235752)
    at Mt.fetchQuery (https://app.hightouch.com/assets/vendor-D_59HmS1.js:740:250690)
    at LYe (https://app.hightouch.com/assets/index-BtdWsk7U.js:22990:13358)
    at or (https://app.hightouch.com/assets/vendor-D_59HmS1.js:85:5916)
    at https://app.hightouch.com/assets/vendor-D_59HmS1.js:85:6052
    at rr (https://app.hightouch.com/assets/vendor-D_59HmS1.js:85:6102)
    at callLoaderOrAction (https://app.hightouch.com/assets/vendor-D_59HmS1.js:85:6540)
    at Object.resolve (https://app.hightouch.com/assets/vendor-D_59HmS1.js:85:5367)
    at https://app.hightouch.com/assets/vendor-D_59HmS1.js:85:4945
    at Array.map (<anonymous>)
    at defaultDataStrategy (https://app.hightouch.com/assets/vendor-D_59HmS1.js:85:4934)
    at callDataStrategyImpl (https://app.hightouch.com/assets/vendor-D_59HmS1.js:85:5473)
    at zr (https://app.hightouch.com/assets/vendor-D_59HmS1.js:84:32870)
    at Fr (https://app.hightouch.com/assets/vendor-D_59HmS1.js:84:33351)
    at Jr (https://app.hightouch.com/assets/vendor-D_59HmS1.js:84:25557)
    at an (https://app.hightouch.com/assets/vendor-D_59HmS1.js:84:22372)
    at Object.Lr [as initialize] (https://app.hightouch.com/assets/vendor-D_59HmS1.js:84:17168)
    at createBrowserRouter$1 (https://app.hightouch.com/assets/vendor-D_59HmS1.js:104:1830)
    at https://app.hightouch.com/assets/vendor-D_59HmS1.js:868:125894
    at https://app.hightouch.com/assets/vendor-D_59HmS1.js:45:7591
    at https://app.hightouch.com/assets/index-BtdWsk7U.js:22990:16729 @ https://app.hightouch.com/assets/vendor-D_59HmS1.js:21
[   51535ms] [ERROR] TypeError: Failed to fetch
    at https://app.hightouch.com/assets/vendor-D_59HmS1.js:22:2652
    at https://app.hightouch.com/assets/vendor-D_59HmS1.js:22:2652
    at er (https://app.hightouch.com/assets/vendor-D_59HmS1.js:735:574)
    at https://app.hightouch.com/assets/vendor-D_59HmS1.js:46:12377
    at async Object.queryFn (https://app.hightouch.com/assets/index-BtdWsk7U.js:36:19874) @ https://app.hightouch.com/assets/vendor-D_59HmS1.js:21
[   51985ms] [WARNING] [LaunchDarkly] The waitForInitialization function was called without a timeout specified. In a future version a default timeout will be applied. @ https://app.hightouch.com/assets/vendor-D_59HmS1.js:21
[   51993ms] [INFO] [LaunchDarkly] LaunchDarkly client initialized @ https://app.hightouch.com/assets/vendor-D_59HmS1.js:21
[   51994ms] [INFO] [LaunchDarkly] Opening stream connection to https://clientstream.launchdarkly.com/eval/61f349d48eda47179a415676/eyJraW5kIjoibXVsdGkiLCJ1c2VyIjp7ImtleSI6InVzZXItMTMyNDUyIiwibmFtZSI6IkRhbiBMdWsiLCJlbWFpbCI6ImRhbi5sdWtAeW91dmVyc2lvbi5jb20iLCJ3b3Jrc3BhY2VJZCI6ODI1NDQsIm9yZ2FuaXphdGlvbklkIjo0NjI5Nn0sIndvcmtzcGFjZSI6eyJrZXkiOiJ3b3Jrc3BhY2UtODI1NDQiLCJpZCI6ODI1NDQsIm5hbWUiOiJZb3VWZXJzaW9uIiwic2x1ZyI6InlvdXZlcnNpb24iLCJyZWdpb24iOiJnY3AtdXMtZWFzdDQiLCJvcmdhbml6YXRpb25JZCI6NDYyOTZ9fQ @ https://app.hightouch.com/assets/vendor-D_59HmS1.js:21
[   52013ms] [LOG] The global variable `chmln` is already defined.
Please make sure you're not adding Chameleon to the page other than with this library. Alternatively, you can use the forceOverride option to remove any previous declaration.

e.g.   chmln.init('token', { forceOverride: true }); @ https://app.hightouch.com/assets/vendor-D_59HmS1.js:21
[   52034ms] [ERROR] Failed to load resource: the server responded with a status of 404 () @ https://cdn.getkoala.com/v1/pk_4b7deacc464cf7736f29732ef90d8e92a40e/sdk.js:0
[   63113ms] [WARNING] The resource https://app.hightouch.com/assets/home/Audience_Bg.svg was preloaded using link preload but not used within a few seconds from the window's load event. Please make sure it has an appropriate `as` value and it is preloaded intentionally. @ https://app.hightouch.com/youversion/syncs:0
[   63113ms] [WARNING] The resource https://app.hightouch.com/assets/home/Model_Bg.svg was preloaded using link preload but not used within a few seconds from the window's load event. Please make sure it has an appropriate `as` value and it is preloaded intentionally. @ https://app.hightouch.com/youversion/syncs:0
[   69206ms] [WARNING] The resource https://app.hightouch.com/assets/home/Audience_Bg.svg was preloaded using link preload but not used within a few seconds from the window's load event. Please make sure it has an appropriate `as` value and it is preloaded intentionally. @ https://app.hightouch.com/youversion/syncs:0
[   69206ms] [WARNING] The resource https://app.hightouch.com/assets/home/Model_Bg.svg was preloaded using link preload but not used within a few seconds from the window's load event. Please make sure it has an appropriate `as` value and it is preloaded intentionally. @ https://app.hightouch.com/youversion/syncs:0
[   72332ms] [WARNING] The resource https://app.hightouch.com/assets/home/Audience_Bg.svg was preloaded using link preload but not used within a few seconds from the window's load event. Please make sure it has an appropriate `as` value and it is preloaded intentionally. @ https://app.hightouch.com/youversion/syncs:0
[   72332ms] [WARNING] The resource https://app.hightouch.com/assets/home/Model_Bg.svg was preloaded using link preload but not used within a few seconds from the window's load event. Please make sure it has an appropriate `as` value and it is preloaded intentionally. @ https://app.hightouch.com/youversion/syncs:0
